<?xml version="1.0" encoding="UTF-8"?>
<testsuite name="niffler.MockTest" tests="1" skipped="0" failures="0" errors="0" timestamp="2023-01-24T08:24:43" hostname="Dmitriis-MacBook-Pro.local" time="0.002">
  <properties/>
  <testcase name="test()" classname="niffler.MockTest" time="0.002"/>
  <system-out><![CDATA[### BeforeAllCallback
   ### BeforeAll! ###
      ### BeforeEachCallback
            ### BeforeEach! ###
               ### AfterTestExecutionCallback
                        ### TEST! ###
              ### BeforeTestExecutionCallback
            ### AfterEach! ###
      ### AfterEachCallback
   ### AfterAll! ###
### AfterAllCallback
]]></system-out>
  <system-err><![CDATA[]]></system-err>
</testsuite>
