<?xml version="1.0" encoding="UTF-8"?>
<testsuite name="niffler.NifflerLoginTest" tests="1" skipped="1" failures="0" errors="0" timestamp="2023-01-24T08:24:43" hostname="Dmitriis-MacBook-Pro.local" time="0.001">
  <properties/>
  <testcase name="mainPageShouldBeDisplayedAfterSuccessLogin()" classname="niffler.NifflerLoginTest" time="0.001">
    <skipped/>
  </testcase>
  <system-out><![CDATA[]]></system-out>
  <system-err><![CDATA[]]></system-err>
</testsuite>
