<?xml version="1.0" encoding="UTF-8"?>
<testsuite name="niffler.Mock1Test" tests="1" skipped="0" failures="0" errors="0" timestamp="2023-01-24T08:24:42" hostname="Dmitriis-MacBook-Pro.local" time="0.01">
  <properties/>
  <testcase name="test()" classname="niffler.Mock1Test" time="0.01"/>
  <system-out><![CDATA[BEFORE SUITE!
### BeforeAllCallback
   ### BeforeAll! ###
      ### BeforeEachCallback
            ### BeforeEach! ###
               ### AfterTestExecutionCallback
                        ### TEST! ###
              ### BeforeTestExecutionCallback
            ### AfterEach! ###
      ### AfterEachCallback
   ### AfterAll! ###
### AfterAllCallback
]]></system-out>
  <system-err><![CDATA[]]></system-err>
</testsuite>
